<?xml version="1.0" encoding="UTF-8" ?>
<testsuite failures="0" time="128.21" errors="2" skipped="8" tests="22" name="RunCukesTest">
  <properties>
    <property name="java.runtime.name" value="Java(TM) SE Runtime Environment"/>
    <property name="cucumber.options" value="--tags @E2E"/>
    <property name="sun.boot.library.path" value="/Library/Java/JavaVirtualMachines/jdk1.7.0_45.jdk/Contents/Home/jre/lib"/>
    <property name="java.vm.version" value="24.45-b08"/>
    <property name="user.country.format" value="IN"/>
    <property name="gopherProxySet" value="false"/>
    <property name="java.vm.vendor" value="Oracle Corporation"/>
    <property name="java.vendor.url" value="http://java.oracle.com/"/>
    <property name="path.separator" value=":"/>
    <property name="java.vm.name" value="Java HotSpot(TM) 64-Bit Server VM"/>
    <property name="file.encoding.pkg" value="sun.io"/>
    <property name="user.country" value="US"/>
    <property name="sun.java.launcher" value="SUN_STANDARD"/>
    <property name="sun.os.patch.level" value="unknown"/>
    <property name="java.vm.specification.name" value="Java Virtual Machine Specification"/>
    <property name="user.dir" value="/Users/panikumar/BDDWorkshop"/>
    <property name="java.runtime.version" value="1.7.0_45-b18"/>
    <property name="java.awt.graphicsenv" value="sun.awt.CGraphicsEnvironment"/>
    <property name="basedir" value="/Users/panikumar/BDDWorkshop"/>
    <property name="java.endorsed.dirs" value="/Library/Java/JavaVirtualMachines/jdk1.7.0_45.jdk/Contents/Home/jre/lib/endorsed"/>
    <property name="os.arch" value="x86_64"/>
    <property name="surefire.real.class.path" value="/Users/panikumar/BDDWorkshop/target/surefire/surefirebooter7492181241078370880.jar"/>
    <property name="java.io.tmpdir" value="/var/folders/lx/g2qlzvkj4wbgkpq29px6yxqh0000gn/T/"/>
    <property name="line.separator" value="
"/>
    <property name="java.vm.specification.vendor" value="Oracle Corporation"/>
    <property name="os.name" value="Mac OS X"/>
    <property name="sun.jnu.encoding" value="UTF-8"/>
    <property name="java.library.path" value="/Users/panikumar/Library/Java/Extensions:/Library/Java/Extensions:/Network/Library/Java/Extensions:/System/Library/Java/Extensions:/usr/lib/java:."/>
    <property name="surefire.test.class.path" value="/Users/panikumar/BDDWorkshop/target/test-classes:/Users/panikumar/BDDWorkshop/target/classes:/Users/panikumar/.m2/repository/info/cukes/cucumber-java/1.1.5/cucumber-java-1.1.5.jar:/Users/panikumar/.m2/repository/info/cukes/cucumber-core/1.1.5/cucumber-core-1.1.5.jar:/Users/panikumar/.m2/repository/info/cukes/cucumber-html/0.2.3/cucumber-html-0.2.3.jar:/Users/panikumar/.m2/repository/info/cukes/cucumber-jvm-deps/1.0.3/cucumber-jvm-deps-1.0.3.jar:/Users/panikumar/.m2/repository/info/cukes/gherkin/2.12.1/gherkin-2.12.1.jar:/Users/panikumar/.m2/repository/info/cukes/cucumber-junit/1.1.5/cucumber-junit-1.1.5.jar:/Users/panikumar/.m2/repository/junit/junit/4.11/junit-4.11.jar:/Users/panikumar/.m2/repository/org/hamcrest/hamcrest-core/1.3/hamcrest-core-1.3.jar:/Users/panikumar/.m2/repository/org/seleniumhq/selenium/selenium-java/2.41.0/selenium-java-2.41.0.jar:/Users/panikumar/.m2/repository/org/seleniumhq/selenium/selenium-chrome-driver/2.41.0/selenium-chrome-driver-2.41.0.jar:/Users/panikumar/.m2/repository/org/seleniumhq/selenium/selenium-remote-driver/2.41.0/selenium-remote-driver-2.41.0.jar:/Users/panikumar/.m2/repository/cglib/cglib-nodep/2.1_3/cglib-nodep-2.1_3.jar:/Users/panikumar/.m2/repository/org/json/json/20080701/json-20080701.jar:/Users/panikumar/.m2/repository/com/google/guava/guava/15.0/guava-15.0.jar:/Users/panikumar/.m2/repository/org/seleniumhq/selenium/selenium-htmlunit-driver/2.41.0/selenium-htmlunit-driver-2.41.0.jar:/Users/panikumar/.m2/repository/net/sourceforge/htmlunit/htmlunit/2.13/htmlunit-2.13.jar:/Users/panikumar/.m2/repository/xalan/xalan/2.7.1/xalan-2.7.1.jar:/Users/panikumar/.m2/repository/xalan/serializer/2.7.1/serializer-2.7.1.jar:/Users/panikumar/.m2/repository/commons-collections/commons-collections/3.2.1/commons-collections-3.2.1.jar:/Users/panikumar/.m2/repository/org/apache/commons/commons-lang3/3.1/commons-lang3-3.1.jar:/Users/panikumar/.m2/repository/org/apache/httpcomponents/httpmime/4.3.1/httpmime-4.3.1.jar:/Users/panikumar/.m2/repository/commons-codec/commons-codec/1.8/commons-codec-1.8.jar:/Users/panikumar/.m2/repository/net/sourceforge/htmlunit/htmlunit-core-js/2.13/htmlunit-core-js-2.13.jar:/Users/panikumar/.m2/repository/xerces/xercesImpl/2.11.0/xercesImpl-2.11.0.jar:/Users/panikumar/.m2/repository/xml-apis/xml-apis/1.4.01/xml-apis-1.4.01.jar:/Users/panikumar/.m2/repository/net/sourceforge/nekohtml/nekohtml/1.9.19/nekohtml-1.9.19.jar:/Users/panikumar/.m2/repository/net/sourceforge/cssparser/cssparser/0.9.11/cssparser-0.9.11.jar:/Users/panikumar/.m2/repository/org/w3c/css/sac/1.3/sac-1.3.jar:/Users/panikumar/.m2/repository/commons-logging/commons-logging/1.1.3/commons-logging-1.1.3.jar:/Users/panikumar/.m2/repository/org/eclipse/jetty/jetty-websocket/8.1.12.v20130726/jetty-websocket-8.1.12.v20130726.jar:/Users/panikumar/.m2/repository/org/eclipse/jetty/jetty-util/8.1.12.v20130726/jetty-util-8.1.12.v20130726.jar:/Users/panikumar/.m2/repository/org/eclipse/jetty/jetty-io/8.1.12.v20130726/jetty-io-8.1.12.v20130726.jar:/Users/panikumar/.m2/repository/org/eclipse/jetty/jetty-http/8.1.12.v20130726/jetty-http-8.1.12.v20130726.jar:/Users/panikumar/.m2/repository/org/apache/httpcomponents/httpclient/4.3.1/httpclient-4.3.1.jar:/Users/panikumar/.m2/repository/org/apache/httpcomponents/httpcore/4.3/httpcore-4.3.jar:/Users/panikumar/.m2/repository/org/seleniumhq/selenium/selenium-firefox-driver/2.41.0/selenium-firefox-driver-2.41.0.jar:/Users/panikumar/.m2/repository/commons-io/commons-io/2.2/commons-io-2.2.jar:/Users/panikumar/.m2/repository/org/apache/commons/commons-exec/1.1/commons-exec-1.1.jar:/Users/panikumar/.m2/repository/org/seleniumhq/selenium/selenium-ie-driver/2.41.0/selenium-ie-driver-2.41.0.jar:/Users/panikumar/.m2/repository/net/java/dev/jna/jna/3.4.0/jna-3.4.0.jar:/Users/panikumar/.m2/repository/net/java/dev/jna/platform/3.4.0/platform-3.4.0.jar:/Users/panikumar/.m2/repository/org/seleniumhq/selenium/selenium-safari-driver/2.41.0/selenium-safari-driver-2.41.0.jar:/Users/panikumar/.m2/repository/org/seleniumhq/selenium/selenium-support/2.41.0/selenium-support-2.41.0.jar:/Users/panikumar/.m2/repository/org/seleniumhq/selenium/selenium-api/2.41.0/selenium-api-2.41.0.jar:/Users/panikumar/.m2/repository/org/webbitserver/webbit/0.4.14/webbit-0.4.14.jar:/Users/panikumar/.m2/repository/io/netty/netty/3.5.2.Final/netty-3.5.2.Final.jar:"/>
    <property name="java.specification.name" value="Java Platform API Specification"/>
    <property name="java.class.version" value="51.0"/>
    <property name="sun.management.compiler" value="HotSpot 64-Bit Tiered Compilers"/>
    <property name="os.version" value="10.7.5"/>
    <property name="user.home" value="/Users/panikumar"/>
    <property name="user.timezone" value="Asia/Kolkata"/>
    <property name="java.awt.printerjob" value="sun.lwawt.macosx.CPrinterJob"/>
    <property name="java.specification.version" value="1.7"/>
    <property name="file.encoding" value="UTF-8"/>
    <property name="user.name" value="panikumar"/>
    <property name="java.class.path" value="/Users/panikumar/BDDWorkshop/target/test-classes:/Users/panikumar/BDDWorkshop/target/classes:/Users/panikumar/.m2/repository/info/cukes/cucumber-java/1.1.5/cucumber-java-1.1.5.jar:/Users/panikumar/.m2/repository/info/cukes/cucumber-core/1.1.5/cucumber-core-1.1.5.jar:/Users/panikumar/.m2/repository/info/cukes/cucumber-html/0.2.3/cucumber-html-0.2.3.jar:/Users/panikumar/.m2/repository/info/cukes/cucumber-jvm-deps/1.0.3/cucumber-jvm-deps-1.0.3.jar:/Users/panikumar/.m2/repository/info/cukes/gherkin/2.12.1/gherkin-2.12.1.jar:/Users/panikumar/.m2/repository/info/cukes/cucumber-junit/1.1.5/cucumber-junit-1.1.5.jar:/Users/panikumar/.m2/repository/junit/junit/4.11/junit-4.11.jar:/Users/panikumar/.m2/repository/org/hamcrest/hamcrest-core/1.3/hamcrest-core-1.3.jar:/Users/panikumar/.m2/repository/org/seleniumhq/selenium/selenium-java/2.41.0/selenium-java-2.41.0.jar:/Users/panikumar/.m2/repository/org/seleniumhq/selenium/selenium-chrome-driver/2.41.0/selenium-chrome-driver-2.41.0.jar:/Users/panikumar/.m2/repository/org/seleniumhq/selenium/selenium-remote-driver/2.41.0/selenium-remote-driver-2.41.0.jar:/Users/panikumar/.m2/repository/cglib/cglib-nodep/2.1_3/cglib-nodep-2.1_3.jar:/Users/panikumar/.m2/repository/org/json/json/20080701/json-20080701.jar:/Users/panikumar/.m2/repository/com/google/guava/guava/15.0/guava-15.0.jar:/Users/panikumar/.m2/repository/org/seleniumhq/selenium/selenium-htmlunit-driver/2.41.0/selenium-htmlunit-driver-2.41.0.jar:/Users/panikumar/.m2/repository/net/sourceforge/htmlunit/htmlunit/2.13/htmlunit-2.13.jar:/Users/panikumar/.m2/repository/xalan/xalan/2.7.1/xalan-2.7.1.jar:/Users/panikumar/.m2/repository/xalan/serializer/2.7.1/serializer-2.7.1.jar:/Users/panikumar/.m2/repository/commons-collections/commons-collections/3.2.1/commons-collections-3.2.1.jar:/Users/panikumar/.m2/repository/org/apache/commons/commons-lang3/3.1/commons-lang3-3.1.jar:/Users/panikumar/.m2/repository/org/apache/httpcomponents/httpmime/4.3.1/httpmime-4.3.1.jar:/Users/panikumar/.m2/repository/commons-codec/commons-codec/1.8/commons-codec-1.8.jar:/Users/panikumar/.m2/repository/net/sourceforge/htmlunit/htmlunit-core-js/2.13/htmlunit-core-js-2.13.jar:/Users/panikumar/.m2/repository/xerces/xercesImpl/2.11.0/xercesImpl-2.11.0.jar:/Users/panikumar/.m2/repository/xml-apis/xml-apis/1.4.01/xml-apis-1.4.01.jar:/Users/panikumar/.m2/repository/net/sourceforge/nekohtml/nekohtml/1.9.19/nekohtml-1.9.19.jar:/Users/panikumar/.m2/repository/net/sourceforge/cssparser/cssparser/0.9.11/cssparser-0.9.11.jar:/Users/panikumar/.m2/repository/org/w3c/css/sac/1.3/sac-1.3.jar:/Users/panikumar/.m2/repository/commons-logging/commons-logging/1.1.3/commons-logging-1.1.3.jar:/Users/panikumar/.m2/repository/org/eclipse/jetty/jetty-websocket/8.1.12.v20130726/jetty-websocket-8.1.12.v20130726.jar:/Users/panikumar/.m2/repository/org/eclipse/jetty/jetty-util/8.1.12.v20130726/jetty-util-8.1.12.v20130726.jar:/Users/panikumar/.m2/repository/org/eclipse/jetty/jetty-io/8.1.12.v20130726/jetty-io-8.1.12.v20130726.jar:/Users/panikumar/.m2/repository/org/eclipse/jetty/jetty-http/8.1.12.v20130726/jetty-http-8.1.12.v20130726.jar:/Users/panikumar/.m2/repository/org/apache/httpcomponents/httpclient/4.3.1/httpclient-4.3.1.jar:/Users/panikumar/.m2/repository/org/apache/httpcomponents/httpcore/4.3/httpcore-4.3.jar:/Users/panikumar/.m2/repository/org/seleniumhq/selenium/selenium-firefox-driver/2.41.0/selenium-firefox-driver-2.41.0.jar:/Users/panikumar/.m2/repository/commons-io/commons-io/2.2/commons-io-2.2.jar:/Users/panikumar/.m2/repository/org/apache/commons/commons-exec/1.1/commons-exec-1.1.jar:/Users/panikumar/.m2/repository/org/seleniumhq/selenium/selenium-ie-driver/2.41.0/selenium-ie-driver-2.41.0.jar:/Users/panikumar/.m2/repository/net/java/dev/jna/jna/3.4.0/jna-3.4.0.jar:/Users/panikumar/.m2/repository/net/java/dev/jna/platform/3.4.0/platform-3.4.0.jar:/Users/panikumar/.m2/repository/org/seleniumhq/selenium/selenium-safari-driver/2.41.0/selenium-safari-driver-2.41.0.jar:/Users/panikumar/.m2/repository/org/seleniumhq/selenium/selenium-support/2.41.0/selenium-support-2.41.0.jar:/Users/panikumar/.m2/repository/org/seleniumhq/selenium/selenium-api/2.41.0/selenium-api-2.41.0.jar:/Users/panikumar/.m2/repository/org/webbitserver/webbit/0.4.14/webbit-0.4.14.jar:/Users/panikumar/.m2/repository/io/netty/netty/3.5.2.Final/netty-3.5.2.Final.jar:"/>
    <property name="java.vm.specification.version" value="1.7"/>
    <property name="sun.arch.data.model" value="64"/>
    <property name="java.home" value="/Library/Java/JavaVirtualMachines/jdk1.7.0_45.jdk/Contents/Home/jre"/>
    <property name="sun.java.command" value="/Users/panikumar/BDDWorkshop/target/surefire/surefirebooter7492181241078370880.jar /Users/panikumar/BDDWorkshop/target/surefire/surefire3301104418952950465tmp /Users/panikumar/BDDWorkshop/target/surefire/surefire8945709208857851724tmp"/>
    <property name="java.specification.vendor" value="Oracle Corporation"/>
    <property name="user.language" value="en"/>
    <property name="awt.toolkit" value="sun.lwawt.macosx.LWCToolkit"/>
    <property name="java.vm.info" value="mixed mode"/>
    <property name="java.version" value="1.7.0_45"/>
    <property name="java.ext.dirs" value="/Users/panikumar/Library/Java/Extensions:/Library/Java/JavaVirtualMachines/jdk1.7.0_45.jdk/Contents/Home/jre/lib/ext:/Library/Java/Extensions:/Network/Library/Java/Extensions:/System/Library/Java/Extensions:/usr/lib/java"/>
    <property name="sun.boot.class.path" value="/Library/Java/JavaVirtualMachines/jdk1.7.0_45.jdk/Contents/Home/jre/lib/resources.jar:/Library/Java/JavaVirtualMachines/jdk1.7.0_45.jdk/Contents/Home/jre/lib/rt.jar:/Library/Java/JavaVirtualMachines/jdk1.7.0_45.jdk/Contents/Home/jre/lib/sunrsasign.jar:/Library/Java/JavaVirtualMachines/jdk1.7.0_45.jdk/Contents/Home/jre/lib/jsse.jar:/Library/Java/JavaVirtualMachines/jdk1.7.0_45.jdk/Contents/Home/jre/lib/jce.jar:/Library/Java/JavaVirtualMachines/jdk1.7.0_45.jdk/Contents/Home/jre/lib/charsets.jar:/Library/Java/JavaVirtualMachines/jdk1.7.0_45.jdk/Contents/Home/jre/lib/jfr.jar:/Library/Java/JavaVirtualMachines/jdk1.7.0_45.jdk/Contents/Home/jre/lib/JObjC.jar:/Library/Java/JavaVirtualMachines/jdk1.7.0_45.jdk/Contents/Home/jre/classes"/>
    <property name="java.vendor" value="Oracle Corporation"/>
    <property name="localRepository" value="/Users/panikumar/.m2/repository"/>
    <property name="file.separator" value="/"/>
    <property name="java.vendor.url.bug" value="http://bugreport.sun.com/bugreport/"/>
    <property name="sun.cpu.endian" value="little"/>
    <property name="sun.io.unicode.encoding" value="UnicodeBig"/>
    <property name="sun.cpu.isalist" value=""/>
  </properties>
  <testcase time="0" classname="Given user logs in to the website with sukesh.kumar@target.com and target123(| ipad | Apple® iPad mini 16GB Wi-Fi - White (MD531LL/A) | 2 |  |  |  |  |  |)" name="Given user logs in to the website with sukesh.kumar@target.com and target123"/>
  <testcase time="0" classname="And clears the cart if there are existing items(| ipad | Apple® iPad mini 16GB Wi-Fi - White (MD531LL/A) | 2 |  |  |  |  |  |)" name="And clears the cart if there are existing items"/>
  <testcase time="0" classname="And he searches for ipad(| ipad | Apple® iPad mini 16GB Wi-Fi - White (MD531LL/A) | 2 |  |  |  |  |  |)" name="And he searches for ipad"/>
  <testcase time="0" classname="And he selects Apple® iPad mini 16GB Wi-Fi - White (MD531LL/A) from the search results(| ipad | Apple® iPad mini 16GB Wi-Fi - White (MD531LL/A) | 2 |  |  |  |  |  |)" name="And he selects Apple® iPad mini 16GB Wi-Fi - White "/>
  <testcase time="0" classname="And he adds 2 of the chosen item(| ipad | Apple® iPad mini 16GB Wi-Fi - White (MD531LL/A) | 2 |  |  |  |  |  |)" name="And he adds 2 of the chosen item"/>
  <testcase time="0" classname="And he adds the selected item to his cart(| ipad | Apple® iPad mini 16GB Wi-Fi - White (MD531LL/A) | 2 |  |  |  |  |  |)" name="And he adds the selected item to his cart"/>
  <testcase time="0" classname="And he chooses to checkout(| ipad | Apple® iPad mini 16GB Wi-Fi - White (MD531LL/A) | 2 |  |  |  |  |  |)" name="And he chooses to checkout"/>
  <testcase time="0.001" classname="And he proceeds to checkout(| ipad | Apple® iPad mini 16GB Wi-Fi - White (MD531LL/A) | 2 |  |  |  |  |  |)" name="And he proceeds to checkout"/>
  <testcase time="0" classname="And he chooses to proceed with the default shipping address(| ipad | Apple® iPad mini 16GB Wi-Fi - White (MD531LL/A) | 2 |  |  |  |  |  |)" name="And he chooses to proceed with the default shipping address"/>
  <testcase time="0.001" classname="And he chooses to pay with a credit card(| ipad | Apple® iPad mini 16GB Wi-Fi - White (MD531LL/A) | 2 |  |  |  |  |  |)" name="And he chooses to pay with a credit card"/>
  <testcase time="0.095" classname="| ipad | Apple® iPad mini 16GB Wi-Fi - White (MD531LL/A) | 2 |  |  |  |  |  |" name="| ipad | Apple® iPad mini 16GB Wi-Fi - White "/>
  <testcase time="0" classname="| canon powershot | Canon PowerShot SX-50 12.1MP Digital Camera with 50x Optical Zoom - Black | 1 |  |  |  |  |  |" name="Given user logs in to the website with sukesh.kumar@target.com and target123"/>
  <testcase time="0.003" classname="| canon powershot | Canon PowerShot SX-50 12.1MP Digital Camera with 50x Optical Zoom - Black | 1 |  |  |  |  |  |" name="And clears the cart if there are existing items">
    <error message="Unable to locate element: {&quot;method&quot;:&quot;css selector&quot;,&quot;selector&quot;:&quot;a[title=&apos;go back to shopping&apos;]&quot;}
Command duration or timeout: 7 milliseconds
For documentation on this error, please visit: http://seleniumhq.org/exceptions/no_such_element.html
Build info: version: &apos;2.41.0&apos;, revision: &apos;3192d8a6c4449dc285928ba024779344f5423c58&apos;, time: &apos;2014-03-27 11:29:39&apos;
System info: host: &apos;Panis-MacBook-Pro.local&apos;, ip: &apos;127.0.0.1&apos;, os.name: &apos;Mac OS X&apos;, os.arch: &apos;x86_64&apos;, os.version: &apos;10.7.5&apos;, java.version: &apos;1.7.0_45&apos;
Session ID: a383dbca-d051-b84d-b10f-6b6613c46208
Driver info: org.openqa.selenium.firefox.FirefoxDriver
Capabilities [{platform=MAC, acceptSslCerts=true, javascriptEnabled=true, cssSelectorsEnabled=true, databaseEnabled=true, browserName=firefox, handlesAlerts=true, browserConnectionEnabled=true, webStorageEnabled=true, nativeEvents=false, rotatable=false, locationContextEnabled=true, applicationCacheEnabled=true, takesScreenshot=true, version=28.0}]" type="org.openqa.selenium.NoSuchElementException">org.openqa.selenium.NoSuchElementException: Unable to locate element: {&quot;method&quot;:&quot;css selector&quot;,&quot;selector&quot;:&quot;a[title=&apos;go back to shopping&apos;]&quot;}
Command duration or timeout: 7 milliseconds
For documentation on this error, please visit: http://seleniumhq.org/exceptions/no_such_element.html
Build info: version: &apos;2.41.0&apos;, revision: &apos;3192d8a6c4449dc285928ba024779344f5423c58&apos;, time: &apos;2014-03-27 11:29:39&apos;
System info: host: &apos;Panis-MacBook-Pro.local&apos;, ip: &apos;127.0.0.1&apos;, os.name: &apos;Mac OS X&apos;, os.arch: &apos;x86_64&apos;, os.version: &apos;10.7.5&apos;, java.version: &apos;1.7.0_45&apos;
Session ID: a383dbca-d051-b84d-b10f-6b6613c46208
Driver info: org.openqa.selenium.firefox.FirefoxDriver
Capabilities [{platform=MAC, acceptSslCerts=true, javascriptEnabled=true, cssSelectorsEnabled=true, databaseEnabled=true, browserName=firefox, handlesAlerts=true, browserConnectionEnabled=true, webStorageEnabled=true, nativeEvents=false, rotatable=false, locationContextEnabled=true, applicationCacheEnabled=true, takesScreenshot=true, version=28.0}]
	at sun.reflect.NativeConstructorAccessorImpl.newInstance0(Native Method)
	at sun.reflect.NativeConstructorAccessorImpl.newInstance(NativeConstructorAccessorImpl.java:57)
	at sun.reflect.DelegatingConstructorAccessorImpl.newInstance(DelegatingConstructorAccessorImpl.java:45)
	at java.lang.reflect.Constructor.newInstance(Constructor.java:526)
	at org.openqa.selenium.remote.ErrorHandler.createThrowable(ErrorHandler.java:193)
	at org.openqa.selenium.remote.ErrorHandler.throwIfResponseFailed(ErrorHandler.java:145)
	at org.openqa.selenium.remote.RemoteWebDriver.execute(RemoteWebDriver.java:595)
	at org.openqa.selenium.remote.RemoteWebDriver.findElement(RemoteWebDriver.java:348)
	at org.openqa.selenium.remote.RemoteWebDriver.findElementByCssSelector(RemoteWebDriver.java:437)
	at org.openqa.selenium.By$ByCssSelector.findElement(By.java:425)
	at org.openqa.selenium.remote.RemoteWebDriver.findElement(RemoteWebDriver.java:340)
	at pages.CartViewPage.returnToShopping(CartViewPage.java:70)
	at steps.SearchSteps.clearCartIfNeeded(SearchSteps.java:83)
	at steps.SearchSteps.clears_the_cart_if_there_are_existing_items(SearchSteps.java:103)
	at ✽.And clears the cart if there are existing items(DataDrivenExample.feature:8)
Caused by: org.openqa.selenium.remote.ErrorHandler$UnknownServerException: Unable to locate element: {&quot;method&quot;:&quot;css selector&quot;,&quot;selector&quot;:&quot;a[title=&apos;go back to shopping&apos;]&quot;}
Build info: version: &apos;2.41.0&apos;, revision: &apos;3192d8a6c4449dc285928ba024779344f5423c58&apos;, time: &apos;2014-03-27 11:29:39&apos;
System info: host: &apos;Panis-MacBook-Pro.local&apos;, ip: &apos;127.0.0.1&apos;, os.name: &apos;Mac OS X&apos;, os.arch: &apos;x86_64&apos;, os.version: &apos;10.7.5&apos;, java.version: &apos;1.7.0_45&apos;
Driver info: driver.version: unknown
	at &lt;anonymous class&gt;.FirefoxDriver.prototype.findElementInternal_(file:///var/folders/lx/g2qlzvkj4wbgkpq29px6yxqh0000gn/T/anonymous7821149993890533829webdriver-profile/extensions/fxdriver@googlecode.com/components/driver_component.js:8905)
	at &lt;anonymous class&gt;.FirefoxDriver.prototype.findElement(file:///var/folders/lx/g2qlzvkj4wbgkpq29px6yxqh0000gn/T/anonymous7821149993890533829webdriver-profile/extensions/fxdriver@googlecode.com/components/driver_component.js:8914)
	at &lt;anonymous class&gt;.DelayedCommand.prototype.executeInternal_/h(file:///var/folders/lx/g2qlzvkj4wbgkpq29px6yxqh0000gn/T/anonymous7821149993890533829webdriver-profile/extensions/fxdriver@googlecode.com/components/command_processor.js:10884)
	at &lt;anonymous class&gt;.DelayedCommand.prototype.executeInternal_(file:///var/folders/lx/g2qlzvkj4wbgkpq29px6yxqh0000gn/T/anonymous7821149993890533829webdriver-profile/extensions/fxdriver@googlecode.com/components/command_processor.js:10889)
	at &lt;anonymous class&gt;.DelayedCommand.prototype.execute/&lt;(file:///var/folders/lx/g2qlzvkj4wbgkpq29px6yxqh0000gn/T/anonymous7821149993890533829webdriver-profile/extensions/fxdriver@googlecode.com/components/command_processor.js:10831)
</error>
    <system-out>order qty is --- 2
</system-out>
  </testcase>
  <testcase time="0.007" classname="| canon powershot | Canon PowerShot SX-50 12.1MP Digital Camera with 50x Optical Zoom - Black | 1 |  |  |  |  |  |" name="| canon powershot | Canon PowerShot SX-50 12.1MP Digital Camera with 50x Optical Zoom - Black | 1 |  |  |  |  |  |">
    <error message="Unable to locate element: {&quot;method&quot;:&quot;css selector&quot;,&quot;selector&quot;:&quot;a[title=&apos;go back to shopping&apos;]&quot;}
Command duration or timeout: 7 milliseconds
For documentation on this error, please visit: http://seleniumhq.org/exceptions/no_such_element.html
Build info: version: &apos;2.41.0&apos;, revision: &apos;3192d8a6c4449dc285928ba024779344f5423c58&apos;, time: &apos;2014-03-27 11:29:39&apos;
System info: host: &apos;Panis-MacBook-Pro.local&apos;, ip: &apos;127.0.0.1&apos;, os.name: &apos;Mac OS X&apos;, os.arch: &apos;x86_64&apos;, os.version: &apos;10.7.5&apos;, java.version: &apos;1.7.0_45&apos;
Session ID: a383dbca-d051-b84d-b10f-6b6613c46208
Driver info: org.openqa.selenium.firefox.FirefoxDriver
Capabilities [{platform=MAC, acceptSslCerts=true, javascriptEnabled=true, cssSelectorsEnabled=true, databaseEnabled=true, browserName=firefox, handlesAlerts=true, browserConnectionEnabled=true, webStorageEnabled=true, nativeEvents=false, rotatable=false, locationContextEnabled=true, applicationCacheEnabled=true, takesScreenshot=true, version=28.0}]" type="org.openqa.selenium.NoSuchElementException">org.openqa.selenium.NoSuchElementException: Unable to locate element: {&quot;method&quot;:&quot;css selector&quot;,&quot;selector&quot;:&quot;a[title=&apos;go back to shopping&apos;]&quot;}
Command duration or timeout: 7 milliseconds
For documentation on this error, please visit: http://seleniumhq.org/exceptions/no_such_element.html
Build info: version: &apos;2.41.0&apos;, revision: &apos;3192d8a6c4449dc285928ba024779344f5423c58&apos;, time: &apos;2014-03-27 11:29:39&apos;
System info: host: &apos;Panis-MacBook-Pro.local&apos;, ip: &apos;127.0.0.1&apos;, os.name: &apos;Mac OS X&apos;, os.arch: &apos;x86_64&apos;, os.version: &apos;10.7.5&apos;, java.version: &apos;1.7.0_45&apos;
Session ID: a383dbca-d051-b84d-b10f-6b6613c46208
Driver info: org.openqa.selenium.firefox.FirefoxDriver
Capabilities [{platform=MAC, acceptSslCerts=true, javascriptEnabled=true, cssSelectorsEnabled=true, databaseEnabled=true, browserName=firefox, handlesAlerts=true, browserConnectionEnabled=true, webStorageEnabled=true, nativeEvents=false, rotatable=false, locationContextEnabled=true, applicationCacheEnabled=true, takesScreenshot=true, version=28.0}]
	at sun.reflect.NativeConstructorAccessorImpl.newInstance0(Native Method)
	at sun.reflect.NativeConstructorAccessorImpl.newInstance(NativeConstructorAccessorImpl.java:57)
	at sun.reflect.DelegatingConstructorAccessorImpl.newInstance(DelegatingConstructorAccessorImpl.java:45)
	at java.lang.reflect.Constructor.newInstance(Constructor.java:526)
	at org.openqa.selenium.remote.ErrorHandler.createThrowable(ErrorHandler.java:193)
	at org.openqa.selenium.remote.ErrorHandler.throwIfResponseFailed(ErrorHandler.java:145)
	at org.openqa.selenium.remote.RemoteWebDriver.execute(RemoteWebDriver.java:595)
	at org.openqa.selenium.remote.RemoteWebDriver.findElement(RemoteWebDriver.java:348)
	at org.openqa.selenium.remote.RemoteWebDriver.findElementByCssSelector(RemoteWebDriver.java:437)
	at org.openqa.selenium.By$ByCssSelector.findElement(By.java:425)
	at org.openqa.selenium.remote.RemoteWebDriver.findElement(RemoteWebDriver.java:340)
	at pages.CartViewPage.returnToShopping(CartViewPage.java:70)
	at steps.SearchSteps.clearCartIfNeeded(SearchSteps.java:83)
	at steps.SearchSteps.clears_the_cart_if_there_are_existing_items(SearchSteps.java:103)
	at ✽.And clears the cart if there are existing items(DataDrivenExample.feature:8)
Caused by: org.openqa.selenium.remote.ErrorHandler$UnknownServerException: Unable to locate element: {&quot;method&quot;:&quot;css selector&quot;,&quot;selector&quot;:&quot;a[title=&apos;go back to shopping&apos;]&quot;}
Build info: version: &apos;2.41.0&apos;, revision: &apos;3192d8a6c4449dc285928ba024779344f5423c58&apos;, time: &apos;2014-03-27 11:29:39&apos;
System info: host: &apos;Panis-MacBook-Pro.local&apos;, ip: &apos;127.0.0.1&apos;, os.name: &apos;Mac OS X&apos;, os.arch: &apos;x86_64&apos;, os.version: &apos;10.7.5&apos;, java.version: &apos;1.7.0_45&apos;
Driver info: driver.version: unknown
	at &lt;anonymous class&gt;.FirefoxDriver.prototype.findElementInternal_(file:///var/folders/lx/g2qlzvkj4wbgkpq29px6yxqh0000gn/T/anonymous7821149993890533829webdriver-profile/extensions/fxdriver@googlecode.com/components/driver_component.js:8905)
	at &lt;anonymous class&gt;.FirefoxDriver.prototype.findElement(file:///var/folders/lx/g2qlzvkj4wbgkpq29px6yxqh0000gn/T/anonymous7821149993890533829webdriver-profile/extensions/fxdriver@googlecode.com/components/driver_component.js:8914)
	at &lt;anonymous class&gt;.DelayedCommand.prototype.executeInternal_/h(file:///var/folders/lx/g2qlzvkj4wbgkpq29px6yxqh0000gn/T/anonymous7821149993890533829webdriver-profile/extensions/fxdriver@googlecode.com/components/command_processor.js:10884)
	at &lt;anonymous class&gt;.DelayedCommand.prototype.executeInternal_(file:///var/folders/lx/g2qlzvkj4wbgkpq29px6yxqh0000gn/T/anonymous7821149993890533829webdriver-profile/extensions/fxdriver@googlecode.com/components/command_processor.js:10889)
	at &lt;anonymous class&gt;.DelayedCommand.prototype.execute/&lt;(file:///var/folders/lx/g2qlzvkj4wbgkpq29px6yxqh0000gn/T/anonymous7821149993890533829webdriver-profile/extensions/fxdriver@googlecode.com/components/command_processor.js:10831)
</error>
  </testcase>
  <testcase time="0.028" classname="| canon powershot | Canon PowerShot SX-50 12.1MP Digital Camera with 50x Optical Zoom - Black | 1 |  |  |  |  |  |" name="And he searches for canon powershot">
    <skipped/>
  </testcase>
  <testcase time="0.03" classname="| canon powershot | Canon PowerShot SX-50 12.1MP Digital Camera with 50x Optical Zoom - Black | 1 |  |  |  |  |  |" name="And he selects Canon PowerShot SX-50 12.1MP Digital Camera with 50x Optical Zoom - Black from the search results">
    <skipped/>
  </testcase>
  <testcase time="0.031" classname="| canon powershot | Canon PowerShot SX-50 12.1MP Digital Camera with 50x Optical Zoom - Black | 1 |  |  |  |  |  |" name="And he adds 1 of the chosen item">
    <skipped/>
  </testcase>
  <testcase time="0.032" classname="| canon powershot | Canon PowerShot SX-50 12.1MP Digital Camera with 50x Optical Zoom - Black | 1 |  |  |  |  |  |" name="And he adds the selected item to his cart">
    <skipped/>
  </testcase>
  <testcase time="0.033" classname="| canon powershot | Canon PowerShot SX-50 12.1MP Digital Camera with 50x Optical Zoom - Black | 1 |  |  |  |  |  |" name="And he chooses to checkout">
    <skipped/>
  </testcase>
  <testcase time="0.033" classname="| canon powershot | Canon PowerShot SX-50 12.1MP Digital Camera with 50x Optical Zoom - Black | 1 |  |  |  |  |  |" name="And he proceeds to checkout">
    <skipped/>
  </testcase>
  <testcase time="0.034" classname="| canon powershot | Canon PowerShot SX-50 12.1MP Digital Camera with 50x Optical Zoom - Black | 1 |  |  |  |  |  |" name="And he chooses to proceed with the default shipping address">
    <skipped/>
  </testcase>
  <testcase time="0.035" classname="| canon powershot | Canon PowerShot SX-50 12.1MP Digital Camera with 50x Optical Zoom - Black | 1 |  |  |  |  |  |" name="And he chooses to pay with a credit card">
    <skipped/>
  </testcase>
</testsuite>